<?xml version="1.0" encoding="utf-8"?><testsuite tests="49"><testcase classname="tests/catalog/draw.test.ts" name="drawing stock in firing order &gt; hands the shells to the earliest cues and runs out on the last"></testcase><testcase classname="tests/catalog/draw.test.ts" name="drawing stock in firing order &gt; counts a ripple shot by shot rather than as one cue"></testcase><testcase classname="tests/catalog/draw.test.ts" name="drawing stock in firing order &gt; breaks a tie on the same instant by the order the script wrote them"></testcase><testcase classname="tests/catalog/draw.test.ts" name="drawing stock in firing order &gt; draws a cue inside a played group at the time it is played"></testcase><testcase classname="tests/catalog/draw.test.ts" name="drawing stock in firing order &gt; carries no lot at all when the compile was given no magazine"></testcase><testcase classname="tests/catalog/draw.test.ts" name="own cues before stand-ins &gt; keeps a shell for its own later cue rather than lending it earlier"></testcase><testcase classname="tests/catalog/draw.test.ts" name="own cues before stand-ins &gt; covers the earlier of two shots left without when one stand-in is left"></testcase><testcase classname="tests/catalog/draw.test.ts" name="own cues before stand-ins &gt; lends the remainder once every own cue is served"></testcase><testcase classname="tests/catalog/draw.test.ts" name="choosing a stand-in &gt; prefers the same calibre over a band match"></testcase><testcase classname="tests/catalog/draw.test.ts" name="choosing a stand-in &gt; takes the nearest lead among band matches"></testcase><testcase classname="tests/catalog/draw.test.ts" name="choosing a stand-in &gt; breaks an equal lead by effect id"></testcase><testcase classname="tests/catalog/draw.test.ts" name="choosing a stand-in &gt; offers nothing substitutesFor would not, so a lead too far off is short"></testcase><testcase classname="tests/catalog/draw.test.ts" name="choosing a stand-in &gt; does not let a mine stand in for a shell of the same calibre"></testcase><testcase classname="tests/catalog/draw.test.ts" name="choosing a stand-in &gt; runs one stand-in dry and moves to the next"></testcase><testcase classname="tests/catalog/draw.test.ts" name="choosing a stand-in &gt; moves on to the next stand-in once the first is spent by an own cue"></testcase><testcase classname="tests/catalog/draw.test.ts" name="what a shot left short looks like &gt; stays what was written, on the table, and blocks the show"></testcase><testcase classname="tests/catalog/draw.test.ts" name="which lot a shot draws &gt; empties the oldest delivery before touching the next"></testcase><testcase classname="tests/catalog/draw.test.ts" name="which lot a shot draws &gt; saves a row with no received date for last"></testcase><testcase classname="tests/catalog/draw.test.ts" name="which lot a shot draws &gt; goes by lot number on a shared date, and among the undated"></testcase><testcase classname="tests/catalog/draw.test.ts" name="which lot a shot draws &gt; draws a stand-in from its own lots in the same order"></testcase><testcase classname="tests/catalog/draw.test.ts" name="pulling a lot &gt; removes a pulled lot ahead of the draw"></testcase><testcase classname="tests/catalog/draw.test.ts" name="pulling a lot &gt; removes a pulled lot as a source of stand-ins"></testcase><testcase classname="tests/catalog/draw.test.ts" name="pulling a lot &gt; pulls every lot named, across effects"></testcase><testcase classname="tests/catalog/draw.test.ts" name="pulling a lot &gt; leaves the caller's magazine as it was"></testcase><testcase classname="tests/catalog/draw.test.ts" name="timing a covered shot &gt; breaks on the beat and lifts on the stand-in's clock"></testcase><testcase classname="tests/catalog/draw.test.ts" name="timing a covered shot &gt; lowers the stand-in when the script lowered the break"></testcase><testcase classname="tests/catalog/draw.test.ts" name="timing a covered shot &gt; puts the stand-in on the event and what was asked for beside it"></testcase><testcase classname="tests/catalog/draw.test.ts" name="the rest of the compile sees the stand-in &gt; allocates the pin to the stand-in"></testcase><testcase classname="tests/catalog/draw.test.ts" name="the rest of the compile sees the stand-in &gt; checks separation against the stand-in's calibre"></testcase><testcase classname="tests/catalog/draw.test.ts" name="what gets reported &gt; folds an exact cover into one note with its count"></testcase><testcase classname="tests/catalog/draw.test.ts" name="what gets reported &gt; warns when only the band matches, once per pair"></testcase><testcase classname="tests/catalog/draw.test.ts" name="what gets reported &gt; errors once per effect nothing could cover"></testcase><testcase classname="tests/catalog/draw.test.ts" name="what gets reported &gt; reports nothing about stock when every cue drew its own"></testcase><testcase classname="tests/catalog/draw.test.ts" name="the cue sheet &gt; adds the lot beside the note once the show was drawn"></testcase><testcase classname="tests/catalog/draw.test.ts" name="the cue sheet &gt; has no lot column for a show that was never drawn"></testcase><testcase classname="tests/cli/stock.test.ts" name="check --magazine &gt; is ready when every shortfall has an exact stand-in"></testcase><testcase classname="tests/cli/stock.test.ts" name="check --magazine &gt; fails the show when a cue has nothing to fire"></testcase><testcase classname="tests/cli/stock.test.ts" name="check --magazine &gt; says nothing about stock until a magazine is given"></testcase><testcase classname="tests/cli/stock.test.ts" name="--pull &gt; leaves nothing to cover the palms once the willow lot is pulled"></testcase><testcase classname="tests/cli/stock.test.ts" name="--pull &gt; takes several lots, comma separated"></testcase><testcase classname="tests/cli/stock.test.ts" name="sheet --magazine &gt; shows which delivery each cue fires from"></testcase><testcase classname="tests/cli/stock.test.ts" name="sheet --magazine &gt; leaves the lot blank on a cue nothing covered"></testcase><testcase classname="tests/cli/stock.test.ts" name="sheet --magazine &gt; keeps the column, every cell empty, for a book holding nothing"><failure message="failed; see the raw suite output in run.log"/></testcase><testcase classname="tests/cli/stock.test.ts" name="inventory --magazine &gt; keeps the shortfall on the order list after a stand-in covers it"><failure message="failed; see the raw suite output in run.log"/></testcase><testcase classname="tests/cli/stock.test.ts" name="explain --magazine &gt; names the lot and what the script asked for on a covered cue"></testcase><testcase classname="tests/cli/stock.test.ts" name="every show command &gt; takes the flags wherever the catalog flag is taken"></testcase><testcase classname="tests/cli/stock.test.ts" name="every show command &gt; puts the stand-in in front of whatever reads the compile"></testcase><testcase classname="tests/cli/stock.test.ts" name="every show command &gt; fails the quiet commands too once a pull leaves a cue bare"></testcase><testcase classname="tests/cli/stock.test.ts" name="table --magazine &gt; loads the panel with what will really fire"></testcase></testsuite>